<?xml version="1.0" encoding="UTF-8"?>
<testsuite xmlns:xsi="http://www.w3.org/2001/XMLSchema-instance" xsi:noNamespaceSchemaLocation="https://maven.apache.org/surefire/maven-surefire-plugin/xsd/surefire-test-report-3.0.xsd" version="3.0" name="com.art.ProbarFuncionesTest" time="0.331" tests="25" errors="0" skipped="0" failures="0">
  <properties>
    <property name="java.specification.version" value="23"/>
    <property name="sun.cpu.isalist" value="amd64"/>
    <property name="sun.jnu.encoding" value="Cp1252"/>
    <property name="java.class.path" value="C:\Users\Usuario\Desktop\ProjectsVisual\ISo2\demo\target\test-classes;C:\Users\Usuario\Desktop\ProjectsVisual\ISo2\demo\target\classes;C:\Users\Usuario\.m2\repository\org\junit\jupiter\junit-jupiter\5.9.3\junit-jupiter-5.9.3.jar;C:\Users\Usuario\.m2\repository\org\junit\jupiter\junit-jupiter-api\5.9.3\junit-jupiter-api-5.9.3.jar;C:\Users\Usuario\.m2\repository\org\opentest4j\opentest4j\1.2.0\opentest4j-1.2.0.jar;C:\Users\Usuario\.m2\repository\org\junit\platform\junit-platform-commons\1.9.3\junit-platform-commons-1.9.3.jar;C:\Users\Usuario\.m2\repository\org\apiguardian\apiguardian-api\1.1.2\apiguardian-api-1.1.2.jar;C:\Users\Usuario\.m2\repository\org\junit\jupiter\junit-jupiter-params\5.9.3\junit-jupiter-params-5.9.3.jar;C:\Users\Usuario\.m2\repository\org\junit\jupiter\junit-jupiter-engine\5.9.3\junit-jupiter-engine-5.9.3.jar;C:\Users\Usuario\.m2\repository\org\junit\platform\junit-platform-engine\1.9.3\junit-platform-engine-1.9.3.jar;C:\Users\Usuario\.m2\repository\javax\servlet\javax.servlet-api\4.0.1\javax.servlet-api-4.0.1.jar;"/>
    <property name="java.vm.vendor" value="Oracle Corporation"/>
    <property name="sun.arch.data.model" value="64"/>
    <property name="user.variant" value=""/>
    <property name="java.vendor.url" value="https://java.oracle.com/"/>
    <property name="user.timezone" value="Europe/Madrid"/>
    <property name="os.name" value="Windows 10"/>
    <property name="java.vm.specification.version" value="23"/>
    <property name="sun.java.launcher" value="SUN_STANDARD"/>
    <property name="user.country" value="ES"/>
    <property name="sun.boot.library.path" value="C:\Users\Usuario\Desktop\ProjectsVisual\Oracle_JDK-23\bin"/>
    <property name="sun.java.command" value="C:\Users\Usuario\AppData\Local\Temp\surefire12246957866304381964\surefirebooter-20241215220456653_3.jar C:\Users\Usuario\AppData\Local\Temp\surefire12246957866304381964 2024-12-15T22-04-55_857-jvmRun1 surefire-20241215220456653_1tmp surefire_0-20241215220456653_2tmp"/>
    <property name="jdk.debug" value="release"/>
    <property name="surefire.test.class.path" value="C:\Users\Usuario\Desktop\ProjectsVisual\ISo2\demo\target\test-classes;C:\Users\Usuario\Desktop\ProjectsVisual\ISo2\demo\target\classes;C:\Users\Usuario\.m2\repository\org\junit\jupiter\junit-jupiter\5.9.3\junit-jupiter-5.9.3.jar;C:\Users\Usuario\.m2\repository\org\junit\jupiter\junit-jupiter-api\5.9.3\junit-jupiter-api-5.9.3.jar;C:\Users\Usuario\.m2\repository\org\opentest4j\opentest4j\1.2.0\opentest4j-1.2.0.jar;C:\Users\Usuario\.m2\repository\org\junit\platform\junit-platform-commons\1.9.3\junit-platform-commons-1.9.3.jar;C:\Users\Usuario\.m2\repository\org\apiguardian\apiguardian-api\1.1.2\apiguardian-api-1.1.2.jar;C:\Users\Usuario\.m2\repository\org\junit\jupiter\junit-jupiter-params\5.9.3\junit-jupiter-params-5.9.3.jar;C:\Users\Usuario\.m2\repository\org\junit\jupiter\junit-jupiter-engine\5.9.3\junit-jupiter-engine-5.9.3.jar;C:\Users\Usuario\.m2\repository\org\junit\platform\junit-platform-engine\1.9.3\junit-platform-engine-1.9.3.jar;C:\Users\Usuario\.m2\repository\javax\servlet\javax.servlet-api\4.0.1\javax.servlet-api-4.0.1.jar;"/>
    <property name="sun.cpu.endian" value="little"/>
    <property name="user.home" value="C:\Users\Usuario"/>
    <property name="user.language" value="es"/>
    <property name="java.specification.vendor" value="Oracle Corporation"/>
    <property name="java.version.date" value="2024-10-15"/>
    <property name="java.home" value="C:\Users\Usuario\Desktop\ProjectsVisual\Oracle_JDK-23"/>
    <property name="file.separator" value="\"/>
    <property name="basedir" value="C:\Users\Usuario\Desktop\ProjectsVisual\ISo2\demo"/>
    <property name="java.vm.compressedOopsMode" value="Zero based"/>
    <property name="line.separator" value="&#10;"/>
    <property name="java.vm.specification.vendor" value="Oracle Corporation"/>
    <property name="java.specification.name" value="Java Platform API Specification"/>
    <property name="surefire.real.class.path" value="C:\Users\Usuario\AppData\Local\Temp\surefire12246957866304381964\surefirebooter-20241215220456653_3.jar"/>
    <property name="user.script" value=""/>
    <property name="sun.management.compiler" value="HotSpot 64-Bit Tiered Compilers"/>
    <property name="java.runtime.version" value="23.0.1+11-39"/>
    <property name="user.name" value="Usuario"/>
    <property name="stdout.encoding" value="Cp1252"/>
    <property name="path.separator" value=";"/>
    <property name="os.version" value="10.0"/>
    <property name="java.runtime.name" value="Java(TM) SE Runtime Environment"/>
    <property name="file.encoding" value="UTF-8"/>
    <property name="java.vm.name" value="Java HotSpot(TM) 64-Bit Server VM"/>
    <property name="localRepository" value="C:\Users\Usuario\.m2\repository"/>
    <property name="java.vendor.url.bug" value="https://bugreport.java.com/bugreport/"/>
    <property name="java.io.tmpdir" value="C:\Users\Usuario\AppData\Local\Temp\"/>
    <property name="java.version" value="23.0.1"/>
    <property name="user.dir" value="C:\Users\Usuario\Desktop\ProjectsVisual\ISo2\demo"/>
    <property name="os.arch" value="amd64"/>
    <property name="java.vm.specification.name" value="Java Virtual Machine Specification"/>
    <property name="sun.os.patch.level" value=""/>
    <property name="native.encoding" value="Cp1252"/>
    <property name="java.library.path" value="C:\Users\Usuario\Desktop\ProjectsVisual\Oracle_JDK-23\bin;C:\Windows\Sun\Java\bin;C:\Windows\system32;C:\Windows;C:\Program Files\Common Files\Oracle\Java\javapath;C:\Program Files (x86)\Common Files\Oracle\Java\java8path;C:\Program Files (x86)\Common Files\Oracle\Java\javapath;C:\ProgramData\Oracle\Java\javapath;C:\Windows\system32;C:\Windows;C:\Windows\System32\Wbem;C:\Windows\System32\WindowsPowerShell\v1.0\;C:\Windows\System32\OpenSSH\;C:\Program Files\MATLAB\R2021b\bin;C:\Program Files (x86)\NVIDIA Corporation\PhysX\Common;C:\Program Files\dotnet\;C:\Program Files\Microsoft SQL Server\150\Tools\Binn\;C:\Program Files (x86)\Windows Kits\10\Windows Performance Toolkit\;C:\Program Files\Microsoft SQL Server\Client SDK\ODBC\170\Tools\Binn\;C:\Program Files\AutoFirma\AutoFirma;C:\Users\Usuario\Desktop\ProjectsVisual;C:\Program Files\apache-maven-3.9.9\bin;C:\Users\Usuario\AppData\Local\Microsoft\WindowsApps;C:\Users\Usuario\AppData\Local\Programs\Microsoft VS Code\bin;C:\Users\Usuario\AppData\Local\GitHubDesktop\bin;C:\Users\Usuario\.dotnet\tools;."/>
    <property name="java.vm.info" value="mixed mode, sharing"/>
    <property name="stderr.encoding" value="Cp1252"/>
    <property name="java.vendor" value="Oracle Corporation"/>
    <property name="java.vm.version" value="23.0.1+11-39"/>
    <property name="sun.io.unicode.encoding" value="UnicodeLittle"/>
    <property name="java.class.version" value="67.0"/>
  </properties>
  <testcase name="testConstructorYGetters" classname="com.art.ProbarFuncionesTest" time="0.114"/>
  <testcase name="testLeerCorreoElectronicoCorrecto" classname="com.art.ProbarFuncionesTest" time="0.011">
    <system-out><![CDATA[Introduce el correo electr�nico: ]]></system-out>
  </testcase>
  <testcase name="testLeerTelefonoCorrecto" classname="com.art.ProbarFuncionesTest" time="0.007">
    <system-out><![CDATA[Introduce el n�mero de tel�fono (9 d�gitos): ]]></system-out>
  </testcase>
  <testcase name="testCaso1" classname="com.art.ProbarFuncionesTest" time="0.002"/>
  <testcase name="testCaso2" classname="com.art.ProbarFuncionesTest" time="0.004"/>
  <testcase name="testCaso3" classname="com.art.ProbarFuncionesTest" time="0.002"/>
  <testcase name="testCaso4" classname="com.art.ProbarFuncionesTest" time="0.001"/>
  <testcase name="testCaso5" classname="com.art.ProbarFuncionesTest" time="0.002"/>
  <testcase name="testCaso6" classname="com.art.ProbarFuncionesTest" time="0.001"/>
  <testcase name="testCaso8" classname="com.art.ProbarFuncionesTest" time="0.002"/>
  <testcase name="testCaso9" classname="com.art.ProbarFuncionesTest" time="0.001"/>
  <testcase name="testLeerCertificacionInglesNo" classname="com.art.ProbarFuncionesTest" time="0.005">
    <system-out><![CDATA[Tiene certificacion de ingles? (si/no): ]]></system-out>
  </testcase>
  <testcase name="testLeerCertificacionInglesSi" classname="com.art.ProbarFuncionesTest" time="0.005">
    <system-out><![CDATA[Tiene certificacion de ingles? (si/no): ]]></system-out>
  </testcase>
  <testcase name="testLeerTitulacionCorrecta" classname="com.art.ProbarFuncionesTest" time="0.003">
    <system-out><![CDATA[Introduce la titulaci�n (Grado, Master, Doctorado): ]]></system-out>
  </testcase>
  <testcase name="testMatricularDoctorado" classname="com.art.ProbarFuncionesTest" time="0.001"/>
  <testcase name="testLeerNacionalidad" classname="com.art.ProbarFuncionesTest" time="0.003">
    <system-out><![CDATA[Introduce la nacionalidad: ]]></system-out>
  </testcase>
  <testcase name="testLeerFechaNacimientoCorrecta" classname="com.art.ProbarFuncionesTest" time="0.003">
    <system-out><![CDATA[Introduce la fecha de nacimiento (DD-MM-YYYY): ]]></system-out>
  </testcase>
  <testcase name="testCaso16" classname="com.art.ProbarFuncionesTest" time="0.003"/>
  <testcase name="testMainWithPreloadedAttributes" classname="com.art.ProbarFuncionesTest" time="0.005"/>
  <testcase name="testLeerApellidos" classname="com.art.ProbarFuncionesTest" time="0.005"/>
  <testcase name="testSetters" classname="com.art.ProbarFuncionesTest" time="0.001"/>
  <testcase name="testEsEuropea" classname="com.art.ProbarFuncionesTest" time="0.001"/>
  <testcase name="testEsMayorDeEdadFechaInvalida" classname="com.art.ProbarFuncionesTest" time="0.009"/>
  <testcase name="testLeerNombre" classname="com.art.ProbarFuncionesTest" time="0.002"/>
  <testcase name="testEsMayorDeEdad" classname="com.art.ProbarFuncionesTest" time="0.002"/>
</testsuite>